<?xml version="1.0" encoding="UTF-8"?>
<!-- Generated by org.testng.reporters.JUnitReportReporter -->
<testsuite hostname="LAPTOP-QRNII00L" failures="0" tests="20" name="com.pms.tests.AllTests" time="81.319" errors="0" timestamp="2026-02-17T13:34:52 IST" skipped="0">
  <testcase classname="com.pms.tests.AllTests" name="test01_RegistrationPageLoads" time="3.805"/>
  <testcase classname="com.pms.tests.AllTests" name="test02_RegistrationFormFieldsExist" time="0.144"/>
  <testcase classname="com.pms.tests.AllTests" name="test03_RegistrationLoginLinkExists" time="0.042"/>
  <testcase classname="com.pms.tests.AllTests" name="test04_SuccessfulRegistration" time="1.458"/>
  <testcase classname="com.pms.tests.AllTests" name="test05_LoginPageLoads" time="4.527"/>
  <testcase classname="com.pms.tests.AllTests" name="test06_LoginFormFieldsExist" time="0.086"/>
  <testcase classname="com.pms.tests.AllTests" name="test07_LoginRegisterLinkExists" time="0.031"/>
  <testcase classname="com.pms.tests.AllTests" name="test08_InvalidLoginShowsError" time="9.482"/>
  <testcase classname="com.pms.tests.AllTests" name="test09_SuccessfulLogin" time="26.309"/>
  <testcase classname="com.pms.tests.AllTests" name="test10_DashboardPageLoads" time="3.053"/>
  <testcase classname="com.pms.tests.AllTests" name="test11_DashboardHasStatisticsCards" time="0.113"/>
  <testcase classname="com.pms.tests.AllTests" name="test12_DashboardHasProjectsSection" time="0.026"/>
  <testcase classname="com.pms.tests.AllTests" name="test13_DashboardURLIsCorrect" time="0.008"/>
  <testcase classname="com.pms.tests.AllTests" name="test14_ProjectsPageLoads" time="3.554"/>
  <testcase classname="com.pms.tests.AllTests" name="test15_CreateProjectButtonExists" time="0.045"/>
  <testcase classname="com.pms.tests.AllTests" name="test16_CreateProjectDialogOpens" time="1.287"/>
  <testcase classname="com.pms.tests.AllTests" name="test17_CreateNewProjectSuccessfully" time="16.690"/>
  <testcase classname="com.pms.tests.AllTests" name="test18_NavigateToTasks" time="3.522"/>
  <testcase classname="com.pms.tests.AllTests" name="test19_CreateTask" time="4.711"/>
  <testcase classname="com.pms.tests.AllTests" name="test20_NavigateToAnalytics" time="2.426"/>
</testsuite> <!-- com.pms.tests.AllTests -->
