<?xml version="1.0" encoding="UTF-8"?>
<!-- Generated by org.testng.reporters.JUnitReportReporter -->
<testsuite hostname="LAPTOP-QRNII00L" failures="0" tests="20" name="com.pms.tests.AllTests" time="35.766" errors="0" timestamp="2026-02-18T08:55:23 IST" skipped="0">
  <testcase classname="com.pms.tests.AllTests" name="test01_RegistrationPageLoads" time="3.326"/>
  <testcase classname="com.pms.tests.AllTests" name="test02_RegistrationFormFieldsExist" time="0.100"/>
  <testcase classname="com.pms.tests.AllTests" name="test03_RegistrationLoginLinkExists" time="0.027"/>
  <testcase classname="com.pms.tests.AllTests" name="test04_SuccessfulRegistration" time="1.096"/>
  <testcase classname="com.pms.tests.AllTests" name="test05_LoginPageLoads" time="1.540"/>
  <testcase classname="com.pms.tests.AllTests" name="test06_LoginFormFieldsExist" time="0.065"/>
  <testcase classname="com.pms.tests.AllTests" name="test07_LoginRegisterLinkExists" time="0.032"/>
  <testcase classname="com.pms.tests.AllTests" name="test08_InvalidLoginShowsError" time="3.180"/>
  <testcase classname="com.pms.tests.AllTests" name="test09_SuccessfulLogin" time="4.760"/>
  <testcase classname="com.pms.tests.AllTests" name="test10_DashboardPageLoads" time="0.053"/>
  <testcase classname="com.pms.tests.AllTests" name="test11_DashboardHasStatisticsCards" time="0.077"/>
  <testcase classname="com.pms.tests.AllTests" name="test12_DashboardHasProjectsSection" time="0.022"/>
  <testcase classname="com.pms.tests.AllTests" name="test13_DashboardURLIsCorrect" time="0.005"/>
  <testcase classname="com.pms.tests.AllTests" name="test14_ProjectsPageLoads" time="0.270"/>
  <testcase classname="com.pms.tests.AllTests" name="test15_CreateProjectButtonExists" time="0.037"/>
  <testcase classname="com.pms.tests.AllTests" name="test16_CreateProjectDialogOpens" time="1.186"/>
  <testcase classname="com.pms.tests.AllTests" name="test17_CreateNewProjectSuccessfully" time="14.103"/>
  <testcase classname="com.pms.tests.AllTests" name="test18_NavigateToTasks" time="2.171"/>
  <testcase classname="com.pms.tests.AllTests" name="test19_CreateTask" time="2.901"/>
  <testcase classname="com.pms.tests.AllTests" name="test20_NavigateToAnalytics" time="0.815"/>
</testsuite> <!-- com.pms.tests.AllTests -->
