<?xml version="1.0" encoding="UTF-8"?>
<testng-results ignored="0" total="20" passed="20" failed="0" skipped="0">
  <reporter-output>
  </reporter-output>
  <suite started-at="2026-02-17T13:33:28 IST" name="Surefire suite" finished-at="2026-02-17T13:34:52 IST" duration-ms="84040">
    <groups>
    </groups>
    <test started-at="2026-02-17T13:33:28 IST" name="Surefire test" finished-at="2026-02-17T13:34:52 IST" duration-ms="84040">
      <class name="com.pms.tests.AllTests">
        <test-method is-config="true" signature="setupBrowser()[pri:0, instance:com.pms.tests.AllTests@cd3fee8]" started-at="2026-02-17T13:33:28 IST" name="setupBrowser" finished-at="2026-02-17T13:33:30 IST" duration-ms="2213" status="PASS">
          <reporter-output>
          </reporter-output>
        </test-method> <!-- setupBrowser -->
        <test-method signature="test01_RegistrationPageLoads()[pri:1, instance:com.pms.tests.AllTests@cd3fee8]" started-at="2026-02-17T13:33:30 IST" name="test01_RegistrationPageLoads" finished-at="2026-02-17T13:33:34 IST" duration-ms="3805" status="PASS">
          <reporter-output>
          </reporter-output>
        </test-method> <!-- test01_RegistrationPageLoads -->
        <test-method signature="test02_RegistrationFormFieldsExist()[pri:2, instance:com.pms.tests.AllTests@cd3fee8]" started-at="2026-02-17T13:33:34 IST" name="test02_RegistrationFormFieldsExist" finished-at="2026-02-17T13:33:34 IST" depends-on-methods="com.pms.tests.AllTests.test01_RegistrationPageLoads" duration-ms="144" status="PASS">
          <reporter-output>
          </reporter-output>
        </test-method> <!-- test02_RegistrationFormFieldsExist -->
        <test-method signature="test03_RegistrationLoginLinkExists()[pri:3, instance:com.pms.tests.AllTests@cd3fee8]" started-at="2026-02-17T13:33:34 IST" name="test03_RegistrationLoginLinkExists" finished-at="2026-02-17T13:33:34 IST" depends-on-methods="com.pms.tests.AllTests.test02_RegistrationFormFieldsExist" duration-ms="42" status="PASS">
          <reporter-output>
          </reporter-output>
        </test-method> <!-- test03_RegistrationLoginLinkExists -->
        <test-method signature="test04_SuccessfulRegistration()[pri:4, instance:com.pms.tests.AllTests@cd3fee8]" started-at="2026-02-17T13:33:34 IST" name="test04_SuccessfulRegistration" finished-at="2026-02-17T13:33:36 IST" depends-on-methods="com.pms.tests.AllTests.test02_RegistrationFormFieldsExist" duration-ms="1458" status="PASS">
          <reporter-output>
          </reporter-output>
        </test-method> <!-- test04_SuccessfulRegistration -->
        <test-method signature="test05_LoginPageLoads()[pri:5, instance:com.pms.tests.AllTests@cd3fee8]" started-at="2026-02-17T13:33:36 IST" name="test05_LoginPageLoads" finished-at="2026-02-17T13:33:40 IST" duration-ms="4527" status="PASS">
          <reporter-output>
          </reporter-output>
        </test-method> <!-- test05_LoginPageLoads -->
        <test-method signature="test06_LoginFormFieldsExist()[pri:6, instance:com.pms.tests.AllTests@cd3fee8]" started-at="2026-02-17T13:33:40 IST" name="test06_LoginFormFieldsExist" finished-at="2026-02-17T13:33:40 IST" depends-on-methods="com.pms.tests.AllTests.test05_LoginPageLoads" duration-ms="86" status="PASS">
          <reporter-output>
          </reporter-output>
        </test-method> <!-- test06_LoginFormFieldsExist -->
        <test-method signature="test07_LoginRegisterLinkExists()[pri:7, instance:com.pms.tests.AllTests@cd3fee8]" started-at="2026-02-17T13:33:40 IST" name="test07_LoginRegisterLinkExists" finished-at="2026-02-17T13:33:40 IST" depends-on-methods="com.pms.tests.AllTests.test05_LoginPageLoads" duration-ms="31" status="PASS">
          <reporter-output>
          </reporter-output>
        </test-method> <!-- test07_LoginRegisterLinkExists -->
        <test-method signature="test08_InvalidLoginShowsError()[pri:8, instance:com.pms.tests.AllTests@cd3fee8]" started-at="2026-02-17T13:33:40 IST" name="test08_InvalidLoginShowsError" finished-at="2026-02-17T13:33:50 IST" depends-on-methods="com.pms.tests.AllTests.test06_LoginFormFieldsExist" duration-ms="9482" status="PASS">
          <reporter-output>
          </reporter-output>
        </test-method> <!-- test08_InvalidLoginShowsError -->
        <test-method signature="test09_SuccessfulLogin()[pri:9, instance:com.pms.tests.AllTests@cd3fee8]" started-at="2026-02-17T13:33:50 IST" name="test09_SuccessfulLogin" finished-at="2026-02-17T13:34:16 IST" depends-on-methods="com.pms.tests.AllTests.test06_LoginFormFieldsExist" duration-ms="26309" status="PASS">
          <reporter-output>
          </reporter-output>
        </test-method> <!-- test09_SuccessfulLogin -->
        <test-method signature="test10_DashboardPageLoads()[pri:10, instance:com.pms.tests.AllTests@cd3fee8]" started-at="2026-02-17T13:34:16 IST" name="test10_DashboardPageLoads" finished-at="2026-02-17T13:34:19 IST" depends-on-methods="com.pms.tests.AllTests.test09_SuccessfulLogin" duration-ms="3053" status="PASS">
          <reporter-output>
          </reporter-output>
        </test-method> <!-- test10_DashboardPageLoads -->
        <test-method signature="test11_DashboardHasStatisticsCards()[pri:11, instance:com.pms.tests.AllTests@cd3fee8]" started-at="2026-02-17T13:34:19 IST" name="test11_DashboardHasStatisticsCards" finished-at="2026-02-17T13:34:19 IST" depends-on-methods="com.pms.tests.AllTests.test10_DashboardPageLoads" duration-ms="113" status="PASS">
          <reporter-output>
          </reporter-output>
        </test-method> <!-- test11_DashboardHasStatisticsCards -->
        <test-method signature="test12_DashboardHasProjectsSection()[pri:12, instance:com.pms.tests.AllTests@cd3fee8]" started-at="2026-02-17T13:34:19 IST" name="test12_DashboardHasProjectsSection" finished-at="2026-02-17T13:34:19 IST" depends-on-methods="com.pms.tests.AllTests.test10_DashboardPageLoads" duration-ms="26" status="PASS">
          <reporter-output>
          </reporter-output>
        </test-method> <!-- test12_DashboardHasProjectsSection -->
        <test-method signature="test13_DashboardURLIsCorrect()[pri:13, instance:com.pms.tests.AllTests@cd3fee8]" started-at="2026-02-17T13:34:19 IST" name="test13_DashboardURLIsCorrect" finished-at="2026-02-17T13:34:19 IST" depends-on-methods="com.pms.tests.AllTests.test10_DashboardPageLoads" duration-ms="8" status="PASS">
          <reporter-output>
          </reporter-output>
        </test-method> <!-- test13_DashboardURLIsCorrect -->
        <test-method signature="test14_ProjectsPageLoads()[pri:14, instance:com.pms.tests.AllTests@cd3fee8]" started-at="2026-02-17T13:34:19 IST" name="test14_ProjectsPageLoads" finished-at="2026-02-17T13:34:23 IST" depends-on-methods="com.pms.tests.AllTests.test09_SuccessfulLogin" duration-ms="3554" status="PASS">
          <reporter-output>
          </reporter-output>
        </test-method> <!-- test14_ProjectsPageLoads -->
        <test-method signature="test15_CreateProjectButtonExists()[pri:15, instance:com.pms.tests.AllTests@cd3fee8]" started-at="2026-02-17T13:34:23 IST" name="test15_CreateProjectButtonExists" finished-at="2026-02-17T13:34:23 IST" depends-on-methods="com.pms.tests.AllTests.test14_ProjectsPageLoads" duration-ms="45" status="PASS">
          <reporter-output>
          </reporter-output>
        </test-method> <!-- test15_CreateProjectButtonExists -->
        <test-method signature="test16_CreateProjectDialogOpens()[pri:16, instance:com.pms.tests.AllTests@cd3fee8]" started-at="2026-02-17T13:34:23 IST" name="test16_CreateProjectDialogOpens" finished-at="2026-02-17T13:34:24 IST" depends-on-methods="com.pms.tests.AllTests.test15_CreateProjectButtonExists" duration-ms="1287" status="PASS">
          <reporter-output>
          </reporter-output>
        </test-method> <!-- test16_CreateProjectDialogOpens -->
        <test-method signature="test17_CreateNewProjectSuccessfully()[pri:17, instance:com.pms.tests.AllTests@cd3fee8]" started-at="2026-02-17T13:34:24 IST" name="test17_CreateNewProjectSuccessfully" finished-at="2026-02-17T13:34:41 IST" depends-on-methods="com.pms.tests.AllTests.test16_CreateProjectDialogOpens" duration-ms="16690" status="PASS">
          <reporter-output>
          </reporter-output>
        </test-method> <!-- test17_CreateNewProjectSuccessfully -->
        <test-method signature="test18_NavigateToTasks()[pri:18, instance:com.pms.tests.AllTests@cd3fee8]" started-at="2026-02-17T13:34:41 IST" name="test18_NavigateToTasks" finished-at="2026-02-17T13:34:44 IST" depends-on-methods="com.pms.tests.AllTests.test17_CreateNewProjectSuccessfully" duration-ms="3522" status="PASS">
          <reporter-output>
          </reporter-output>
        </test-method> <!-- test18_NavigateToTasks -->
        <test-method signature="test19_CreateTask()[pri:19, instance:com.pms.tests.AllTests@cd3fee8]" started-at="2026-02-17T13:34:44 IST" name="test19_CreateTask" finished-at="2026-02-17T13:34:49 IST" depends-on-methods="com.pms.tests.AllTests.test18_NavigateToTasks" duration-ms="4711" status="PASS">
          <reporter-output>
          </reporter-output>
        </test-method> <!-- test19_CreateTask -->
        <test-method signature="test20_NavigateToAnalytics()[pri:20, instance:com.pms.tests.AllTests@cd3fee8]" started-at="2026-02-17T13:34:49 IST" name="test20_NavigateToAnalytics" finished-at="2026-02-17T13:34:52 IST" depends-on-methods="com.pms.tests.AllTests.test19_CreateTask" duration-ms="2426" status="PASS">
          <reporter-output>
          </reporter-output>
        </test-method> <!-- test20_NavigateToAnalytics -->
        <test-method is-config="true" signature="closeBrowser()[pri:0, instance:com.pms.tests.AllTests@cd3fee8]" started-at="2026-02-17T13:34:52 IST" name="closeBrowser" finished-at="2026-02-17T13:34:52 IST" duration-ms="429" status="PASS">
          <reporter-output>
          </reporter-output>
        </test-method> <!-- closeBrowser -->
      </class> <!-- com.pms.tests.AllTests -->
    </test> <!-- Surefire test -->
  </suite> <!-- Surefire suite -->
</testng-results>
